
  .   ____          _            __ _ _
 /\\ / ___'_ __ _ _(_)_ __  __ _ \ \ \ \
( ( )\___ | '_ | '_| | '_ \/ _` | \ \ \ \
 \\/  ___)| |_)| | | | | || (_| |  ) ) ) )
  '  |____| .__|_| |_|_| |_\__, | / / / /
 =========|_|==============|___/=/_/_/_/

 :: Spring Boot ::                (v3.3.4)

2026-02-23T10:35:41.031+05:30  INFO 11356 --- [photographer-backend] [           main] c.photographer.PhotographerApplication   : Starting PhotographerApplication v0.0.1-SNAPSHOT using Java 21.0.10 with PID 11356 (C:\Users\Admin\Downloads\Website get from Ai tool\royal-lens-studios-main\backend\target\photographer-backend.jar started by Admin in C:\Users\Admin\Downloads\Website get from Ai tool\royal-lens-studios-main)
2026-02-23T10:35:41.033+05:30  INFO 11356 --- [photographer-backend] [           main] c.photographer.PhotographerApplication   : The following 1 profile is active: "dev"
2026-02-23T10:35:43.340+05:30  INFO 11356 --- [photographer-backend] [           main] .s.d.r.c.RepositoryConfigurationDelegate : Bootstrapping Spring Data JPA repositories in DEFAULT mode.
2026-02-23T10:35:43.530+05:30  INFO 11356 --- [photographer-backend] [           main] .s.d.r.c.RepositoryConfigurationDelegate : Finished Spring Data repository scanning in 178 ms. Found 9 JPA repository interfaces.
2026-02-23T10:35:44.962+05:30  INFO 11356 --- [photographer-backend] [           main] o.s.b.w.embedded.tomcat.TomcatWebServer  : Tomcat initialized with port 8080 (http)
2026-02-23T10:35:44.983+05:30  INFO 11356 --- [photographer-backend] [           main] o.apache.catalina.core.StandardService   : Starting service [Tomcat]
2026-02-23T10:35:44.984+05:30  INFO 11356 --- [photographer-backend] [           main] o.apache.catalina.core.StandardEngine    : Starting Servlet engine: [Apache Tomcat/10.1.30]
2026-02-23T10:35:45.026+05:30  INFO 11356 --- [photographer-backend] [           main] o.a.c.c.C.[Tomcat].[localhost].[/]       : Initializing Spring embedded WebApplicationContext
2026-02-23T10:35:45.028+05:30  INFO 11356 --- [photographer-backend] [           main] w.s.c.ServletWebServerApplicationContext : Root WebApplicationContext: initialization completed in 3908 ms
2026-02-23T10:35:45.590+05:30  INFO 11356 --- [photographer-backend] [           main] o.hibernate.jpa.internal.util.LogHelper  : HHH000204: Processing PersistenceUnitInfo [name: default]
2026-02-23T10:35:45.692+05:30  INFO 11356 --- [photographer-backend] [           main] org.hibernate.Version                    : HHH000412: Hibernate ORM core version 6.5.3.Final
2026-02-23T10:35:45.755+05:30  INFO 11356 --- [photographer-backend] [           main] o.h.c.internal.RegionFactoryInitiator    : HHH000026: Second-level cache disabled
2026-02-23T10:35:46.146+05:30  INFO 11356 --- [photographer-backend] [           main] o.s.o.j.p.SpringPersistenceUnitInfo      : No LoadTimeWeaver setup: ignoring JPA class transformer
2026-02-23T10:35:46.181+05:30  INFO 11356 --- [photographer-backend] [           main] com.zaxxer.hikari.HikariDataSource       : HikariPool-1 - Starting...
2026-02-23T10:35:46.450+05:30  INFO 11356 --- [photographer-backend] [           main] com.zaxxer.hikari.pool.HikariPool        : HikariPool-1 - Added connection conn0: url=jdbc:h2:mem:photographer user=SA
2026-02-23T10:35:46.451+05:30  INFO 11356 --- [photographer-backend] [           main] com.zaxxer.hikari.HikariDataSource       : HikariPool-1 - Start completed.
2026-02-23T10:35:46.481+05:30  WARN 11356 --- [photographer-backend] [           main] org.hibernate.orm.deprecation            : HHH90000025: H2Dialect does not need to be specified explicitly using 'hibernate.dialect' (remove the property setting and it will be selected by default)
2026-02-23T10:35:47.887+05:30  INFO 11356 --- [photographer-backend] [           main] o.h.e.t.j.p.i.JtaPlatformInitiator       : HHH000489: No JTA platform available (set 'hibernate.transaction.jta.platform' to enable JTA platform integration)
2026-02-23T10:35:47.971+05:30  INFO 11356 --- [photographer-backend] [           main] j.LocalContainerEntityManagerFactoryBean : Initialized JPA EntityManagerFactory for persistence unit 'default'
2026-02-23T10:35:49.797+05:30  WARN 11356 --- [photographer-backend] [           main] .s.s.UserDetailsServiceAutoConfiguration : 

Using generated security password: 8928e3b7-934e-4799-bed9-274155f77863

This generated password is for development use only. Your security configuration must be updated before running your application in production.

2026-02-23T10:35:49.809+05:30  INFO 11356 --- [photographer-backend] [           main] r$InitializeUserDetailsManagerConfigurer : Global AuthenticationManager configured with UserDetailsService bean with name inMemoryUserDetailsManager
2026-02-23T10:35:50.824+05:30  INFO 11356 --- [photographer-backend] [           main] o.s.b.a.e.web.EndpointLinksResolver      : Exposing 2 endpoints beneath base path '/actuator'
2026-02-23T10:35:51.815+05:30  INFO 11356 --- [photographer-backend] [           main] o.s.b.w.embedded.tomcat.TomcatWebServer  : Tomcat started on port 8080 (http) with context path '/'
2026-02-23T10:35:51.842+05:30  INFO 11356 --- [photographer-backend] [           main] c.photographer.PhotographerApplication   : Started PhotographerApplication in 11.419 seconds (process running for 12.282)
2026-02-23T10:36:00.405+05:30  INFO 11356 --- [photographer-backend] [nio-8080-exec-3] o.a.c.c.C.[Tomcat].[localhost].[/]       : Initializing Spring DispatcherServlet 'dispatcherServlet'
2026-02-23T10:36:00.406+05:30  INFO 11356 --- [photographer-backend] [nio-8080-exec-3] o.s.web.servlet.DispatcherServlet        : Initializing Servlet 'dispatcherServlet'
2026-02-23T10:36:00.408+05:30  INFO 11356 --- [photographer-backend] [nio-8080-exec-3] o.s.web.servlet.DispatcherServlet        : Completed initialization in 2 ms
2026-02-23T10:43:37.690+05:30  WARN 11356 --- [photographer-backend] [l-1 housekeeper] com.zaxxer.hikari.pool.HikariPool        : HikariPool-1 - Thread starvation or clock leap detected (housekeeper delta=50s982ms50µs300ns).
